<?xml version="1.0" encoding="UTF-8"?>
<!-- Generated by org.testng.reporters.JUnitXMLReporter -->
<testsuite ignored="8" hostname="DESKTOP-BIEA88R" failures="0" tests="5" name="Command line test" time="430.448" errors="0" timestamp="2022-08-25T11:11:48 IST">
  <testcase classname="com.edu.OnlineAddmissionSystem.genericutility.BaseClass" name="@BeforeMethod configBM" time="107.772">
    <failure type="org.openqa.selenium.NoSuchElementException" message="no such element: Unable to locate element: {&amp;quot;method&amp;quot;:&amp;quot;xpath&amp;quot;,&amp;quot;selector&amp;quot;:&amp;quot;//a[text()=&amp;apos;Sign Up &amp;apos;]&amp;quot;}
  (Session info: chrome=104.0.5112.102)
For documentation on this error, please visit: https://selenium.dev/exceptions/#no_such_element
Build info: version: &amp;apos;4.1.1&amp;apos;, revision: &amp;apos;e8fcc2cecf&amp;apos;
System info: host: &amp;apos;DESKTOP-BIEA88R&amp;apos;, ip: &amp;apos;192.168.243.1&amp;apos;, os.name: &amp;apos;Windows 10&amp;apos;, os.arch: &amp;apos;amd64&amp;apos;, os.version: &amp;apos;10.0&amp;apos;, java.version: &amp;apos;17.0.1&amp;apos;
Driver info: org.openqa.selenium.chrome.ChromeDriver
Command: [ca1fd03a3fb75f89a4321e62a9da6c93, findElement {using=xpath, value=//a[text()=&amp;apos;Sign Up &amp;apos;]}]
Capabilities {acceptInsecureCerts: false, browserName: chrome, browserVersion: 104.0.5112.102, chrome: {chromedriverVersion: 104.0.5112.79 (3cf3e8c8a07d..., userDataDir: C:\Users\Shamshad\AppData\L...}, goog:chromeOptions: {debuggerAddress: localhost:49331}, javascriptEnabled: true, networkConnectionEnabled: false, pageLoadStrategy: normal, platform: WINDOWS, platformName: WINDOWS, proxy: Proxy(), se:cdp: ws://localhost:49331/devtoo..., se:cdpVersion: 104.0.5112.102, setWindowRect: true, strictFileInteractability: false, timeouts: {implicit: 0, pageLoad: 300000, script: 30000}, unhandledPromptBehavior: dismiss and notify, webauthn:extension:credBlob: true, webauthn:extension:largeBlob: true, webauthn:virtualAuthenticators: true}
Session ID: ca1fd03a3fb75f89a4321e62a9da6c93">
      <![CDATA[org.openqa.selenium.NoSuchElementException: no such element: Unable to locate element: {"method":"xpath","selector":"//a[text()='Sign Up ']"}
  (Session info: chrome=104.0.5112.102)
For documentation on this error, please visit: https://selenium.dev/exceptions/#no_such_element
Build info: version: '4.1.1', revision: 'e8fcc2cecf'
System info: host: 'DESKTOP-BIEA88R', ip: '192.168.243.1', os.name: 'Windows 10', os.arch: 'amd64', os.version: '10.0', java.version: '17.0.1'
Driver info: org.openqa.selenium.chrome.ChromeDriver
Command: [ca1fd03a3fb75f89a4321e62a9da6c93, findElement {using=xpath, value=//a[text()='Sign Up ']}]
Capabilities {acceptInsecureCerts: false, browserName: chrome, browserVersion: 104.0.5112.102, chrome: {chromedriverVersion: 104.0.5112.79 (3cf3e8c8a07d..., userDataDir: C:\Users\Shamshad\AppData\L...}, goog:chromeOptions: {debuggerAddress: localhost:49331}, javascriptEnabled: true, networkConnectionEnabled: false, pageLoadStrategy: normal, platform: WINDOWS, platformName: WINDOWS, proxy: Proxy(), se:cdp: ws://localhost:49331/devtoo..., se:cdpVersion: 104.0.5112.102, setWindowRect: true, strictFileInteractability: false, timeouts: {implicit: 0, pageLoad: 300000, script: 30000}, unhandledPromptBehavior: dismiss and notify, webauthn:extension:credBlob: true, webauthn:extension:largeBlob: true, webauthn:virtualAuthenticators: true}
Session ID: ca1fd03a3fb75f89a4321e62a9da6c93
at org.openqa.selenium.remote.codec.w3c.W3CHttpResponseCodec.createException(W3CHttpResponseCodec.java:200)
at org.openqa.selenium.remote.codec.w3c.W3CHttpResponseCodec.decode(W3CHttpResponseCodec.java:133)
at org.openqa.selenium.remote.codec.w3c.W3CHttpResponseCodec.decode(W3CHttpResponseCodec.java:53)
at org.openqa.selenium.remote.HttpCommandExecutor.execute(HttpCommandExecutor.java:184)
at org.openqa.selenium.remote.service.DriverCommandExecutor.invokeExecute(DriverCommandExecutor.java:167)
at org.openqa.selenium.remote.service.DriverCommandExecutor.execute(DriverCommandExecutor.java:142)
at org.openqa.selenium.remote.RemoteWebDriver.execute(RemoteWebDriver.java:543)
at org.openqa.selenium.remote.ElementLocation$ElementFinder$2.findElement(ElementLocation.java:162)
at org.openqa.selenium.remote.ElementLocation.findElement(ElementLocation.java:60)
at org.openqa.selenium.remote.RemoteWebDriver.findElement(RemoteWebDriver.java:367)
at org.openqa.selenium.remote.RemoteWebDriver.findElement(RemoteWebDriver.java:359)
at org.openqa.selenium.support.pagefactory.DefaultElementLocator.findElement(DefaultElementLocator.java:70)
at org.openqa.selenium.support.pagefactory.internal.LocatingElementHandler.invoke(LocatingElementHandler.java:39)
at jdk.proxy2/jdk.proxy2.$Proxy18.click(Unknown Source)
at com.edu.OnlineAdmissionSystem.ObjectRepositoryUtility.SignUp.SignupPage(SignUp.java:57)
at com.edu.OnlineAddmissionSystem.genericutility.BaseClass.configBM(BaseClass.java:83)
at java.base/java.util.ArrayList.forEach(ArrayList.java:1511)
... Removed 46 stack frames]]>
    </failure>
  </testcase> <!-- @BeforeMethod configBM -->
  <testcase classname="com.edu.OnlineAddmissionSystem.genericutility.BaseClass" name="@AfterMethod configAM" time="-1.661405880499E9">
    <skipped/>
  </testcase> <!-- @AfterMethod configAM -->
  <testcase classname="com.edu.OnlineAddmissionSystem.genericutility.BaseClass" name="@AfterClass configAC" time="-1.661405880713E9">
    <skipped/>
  </testcase> <!-- @AfterClass configAC -->
  <testcase classname="com.edu.OnlineAddmissionSystem.genericutility.BaseClass" name="@BeforeMethod configBM" time="26.992">
    <failure type="java.lang.StringIndexOutOfBoundsException" message="begin 16, end 25, length 23">
      <![CDATA[java.lang.StringIndexOutOfBoundsException: begin 16, end 25, length 23
at java.base/java.lang.String.checkBoundsBeginEnd(String.java:4601)
at java.base/java.lang.String.substring(String.java:2704)
at com.edu.OnlineAddmissionSystem.genericutility.BaseClass.configBM(BaseClass.java:87)
at java.base/java.util.ArrayList.forEach(ArrayList.java:1511)
... Removed 41 stack frames]]>
    </failure>
  </testcase> <!-- @BeforeMethod configBM -->
  <testcase classname="com.edu.OnlineAddmissionSystem.genericutility.BaseClass" name="@AfterMethod configAM" time="-1.66140596397E9">
    <skipped/>
  </testcase> <!-- @AfterMethod configAM -->
  <testcase classname="com.edu.OnlineAddmissionSystem.genericutility.BaseClass" name="@AfterClass configAC" time="-1.661405963972E9">
    <skipped/>
  </testcase> <!-- @AfterClass configAC -->
  <testcase classname="com.edu.OnlineAddmissionSystem.genericutility.BaseClass" name="@BeforeMethod configBM" time="37.082">
    <failure type="java.lang.StringIndexOutOfBoundsException" message="begin 16, end 25, length 23">
      <![CDATA[java.lang.StringIndexOutOfBoundsException: begin 16, end 25, length 23
at java.base/java.lang.String.checkBoundsBeginEnd(String.java:4601)
at java.base/java.lang.String.substring(String.java:2704)
at com.edu.OnlineAddmissionSystem.genericutility.BaseClass.configBM(BaseClass.java:87)
at java.base/java.util.ArrayList.forEach(ArrayList.java:1511)
... Removed 41 stack frames]]>
    </failure>
  </testcase> <!-- @BeforeMethod configBM -->
  <testcase classname="com.edu.OnlineAddmissionSystem.genericutility.BaseClass" name="@AfterMethod configAM" time="-1.661406107968E9">
    <skipped/>
  </testcase> <!-- @AfterMethod configAM -->
  <testcase classname="com.edu.OnlineAddmissionSystem.genericutility.BaseClass" name="@AfterClass configAC" time="-1.661406107969E9">
    <skipped/>
  </testcase> <!-- @AfterClass configAC -->
  <testcase classname="com.edu.AdmissionFormTest.CreateAppTest_POMTest" name="TestApp" time="0.0">
    <skipped/>
  </testcase> <!-- TestApp -->
  <testcase classname="com.edu.AdmissionFormTest.POM_VerifyFatherOccupationTest" name="verifyFatherOcup" time="0.0">
    <skipped/>
  </testcase> <!-- verifyFatherOcup -->
  <testcase classname="com.edu.AdmissionFormTest.POM_VerifyIncomeParentsTest" name="testIncome" time="0.378"/>
  <testcase classname="com.edu.AdmissionFormTest.POM_VerifyPinTest" name="pOM_VerifyPin" time="0.056"/>
  <testcase classname="com.edu.AdmissionFormTest.VerifyFatherNameWith_POM_Test" name="testFatherName" time="0.0">
    <skipped/>
  </testcase> <!-- testFatherName -->
  <testcase classname="com.edu.OnlineAddmissionSystem.genericutility.BaseClass" name="@BeforeSuite configBS" time="0.0">
    <ignored/>
  </testcase> <!-- @BeforeSuite configBS -->
  <testcase classname="com.edu.OnlineAddmissionSystem.genericutility.BaseClass" name="@BeforeSuite configBS" time="0.0">
    <ignored/>
  </testcase> <!-- @BeforeSuite configBS -->
  <testcase classname="com.edu.OnlineAddmissionSystem.genericutility.BaseClass" name="@BeforeSuite configBS" time="0.0">
    <ignored/>
  </testcase> <!-- @BeforeSuite configBS -->
  <testcase classname="com.edu.OnlineAddmissionSystem.genericutility.BaseClass" name="@BeforeSuite configBS" time="0.0">
    <ignored/>
  </testcase> <!-- @BeforeSuite configBS -->
  <testcase classname="com.edu.OnlineAddmissionSystem.genericutility.BaseClass" name="@AfterSuite configAS" time="0.0">
    <ignored/>
  </testcase> <!-- @AfterSuite configAS -->
  <testcase classname="com.edu.OnlineAddmissionSystem.genericutility.BaseClass" name="@AfterSuite configAS" time="0.0">
    <ignored/>
  </testcase> <!-- @AfterSuite configAS -->
  <testcase classname="com.edu.OnlineAddmissionSystem.genericutility.BaseClass" name="@AfterSuite configAS" time="0.0">
    <ignored/>
  </testcase> <!-- @AfterSuite configAS -->
  <testcase classname="com.edu.OnlineAddmissionSystem.genericutility.BaseClass" name="@AfterSuite configAS" time="0.0">
    <ignored/>
  </testcase> <!-- @AfterSuite configAS -->
</testsuite> <!-- Command line test -->
