<!DOCTYPE html PUBLIC "-//W3C//DTD XHTML 1.1//EN" "https://www.w3.org/TR/xhtml11/DTD/xhtml11.dtd">
<html xmlns="https://www.w3.org/1999/xhtml">
<head>
<meta http-equiv="content-type" content="text/html; charset=UTF-8"/>
<title>TestNG Report</title>
<style type="text/css">table {margin-bottom:10px;border-collapse:collapse;empty-cells:show}th,td {border:1px solid #009;padding:.25em .5em}th {vertical-align:bottom}td {vertical-align:top}table a {font-weight:bold}.stripe td {background-color: #E6EBF9}.num {text-align:right}.passedodd td {background-color: #3F3}.passedeven td {background-color: #0A0}.skippedodd td {background-color: #DDD}.skippedeven td {background-color: #CCC}.failedodd td,.attn {background-color: #F33}.failedeven td,.stripe .attn {background-color: #D00}.stacktrace {white-space:pre;font-family:monospace}.totop {font-size:85%;text-align:center;border-bottom:2px solid #000}.invisible {display:none}</style>
</head>
<body>
<table>
<tr><th>Test</th><th># Passed</th><th># Skipped</th><th># Retried</th><th># Failed</th><th>Time (ms)</th><th>Included Groups</th><th>Excluded Groups</th></tr>
<tr><th colspan="8">Command line suite</th></tr>
<tr><td><a href="#t0">Command line test</a></td><td class="num">2</td><td class="num attn">3</td><td class="num">0</td><td class="num">0</td><td class="num">430,448</td><td></td><td></td></tr>
</table>
<table id='summary'><thead><tr><th>Class</th><th>Method</th><th>Start</th><th>Time (ms)</th></tr></thead><tbody><tr><th colspan="4">Command line suite</th></tr></tbody><tbody id="t0"><tr><th colspan="4">Command line test &#8212; failed (configuration methods)</th></tr><tr class="failedeven"><td rowspan="1">com.edu.AdmissionFormTest.CreateAppTest_POMTest</td><td><a href="#m0">configBM</a></td><td rowspan="1">1661405772289</td><td rowspan="1">107772</td></tr><tr class="failedodd"><td rowspan="1">com.edu.AdmissionFormTest.POM_VerifyFatherOccupationTest</td><td><a href="#m1">configBM</a></td><td rowspan="1">1661405936976</td><td rowspan="1">26992</td></tr><tr class="failedeven"><td rowspan="1">com.edu.AdmissionFormTest.VerifyFatherNameWith_POM_Test</td><td><a href="#m2">configBM</a></td><td rowspan="1">1661406070883</td><td rowspan="1">37082</td></tr><tr><th colspan="4">Command line test &#8212; skipped (configuration methods)</th></tr><tr class="skippedeven"><td rowspan="2">com.edu.AdmissionFormTest.CreateAppTest_POMTest</td><td><a href="#m3">configAC</a></td><td rowspan="1">1661405880713</td><td rowspan="1">-1661405880713</td></tr><tr class="skippedeven"><td><a href="#m4">configAM</a></td><td rowspan="1">1661405880499</td><td rowspan="1">-1661405880499</td></tr><tr class="skippedodd"><td rowspan="2">com.edu.AdmissionFormTest.POM_VerifyFatherOccupationTest</td><td><a href="#m5">configAC</a></td><td rowspan="1">1661405963972</td><td rowspan="1">-1661405963972</td></tr><tr class="skippedodd"><td><a href="#m6">configAM</a></td><td rowspan="1">1661405963970</td><td rowspan="1">-1661405963970</td></tr><tr class="skippedeven"><td rowspan="2">com.edu.AdmissionFormTest.VerifyFatherNameWith_POM_Test</td><td><a href="#m7">configAC</a></td><td rowspan="1">1661406107969</td><td rowspan="1">-1661406107969</td></tr><tr class="skippedeven"><td><a href="#m8">configAM</a></td><td rowspan="1">1661406107968</td><td rowspan="1">-1661406107968</td></tr><tr><th colspan="4">Command line test &#8212; skipped</th></tr><tr class="skippedeven"><td rowspan="1">com.edu.AdmissionFormTest.CreateAppTest_POMTest</td><td><a href="#m9">TestApp</a></td><td rowspan="1">1661405880494</td><td rowspan="1">0</td></tr><tr class="skippedodd"><td rowspan="1">com.edu.AdmissionFormTest.POM_VerifyFatherOccupationTest</td><td><a href="#m10">verifyFatherOcup</a></td><td rowspan="1">1661405963970</td><td rowspan="1">0</td></tr><tr class="skippedeven"><td rowspan="1">com.edu.AdmissionFormTest.VerifyFatherNameWith_POM_Test</td><td><a href="#m11">testFatherName</a></td><td rowspan="1">1661406107967</td><td rowspan="1">0</td></tr><tr><th colspan="4">Command line test &#8212; passed</th></tr><tr class="passedeven"><td rowspan="1">com.edu.AdmissionFormTest.POM_VerifyIncomeParentsTest</td><td><a href="#m12">testIncome</a></td><td rowspan="1">1661406010890</td><td rowspan="1">378</td></tr><tr class="passedodd"><td rowspan="1">com.edu.AdmissionFormTest.POM_VerifyPinTest</td><td><a href="#m13">pOM_VerifyPin</a></td><td rowspan="1">1661406058844</td><td rowspan="1">56</td></tr></tbody>
</table>
<h2>Command line test</h2><h3 id="m0">com.edu.AdmissionFormTest.CreateAppTest_POMTest#configBM</h3><table class="result"><tr><th>Exception</th></tr><tr><td><div class="stacktrace">org.openqa.selenium.NoSuchElementException: no such element: Unable to locate element: {&quot;method&quot;:&quot;xpath&quot;,&quot;selector&quot;:&quot;//a[text()=&apos;Sign Up &apos;]&quot;}
  (Session info: chrome=104.0.5112.102)
For documentation on this error, please visit: https://selenium.dev/exceptions/#no_such_element
Build info: version: &apos;4.1.1&apos;, revision: &apos;e8fcc2cecf&apos;
System info: host: &apos;DESKTOP-BIEA88R&apos;, ip: &apos;192.168.243.1&apos;, os.name: &apos;Windows 10&apos;, os.arch: &apos;amd64&apos;, os.version: &apos;10.0&apos;, java.version: &apos;17.0.1&apos;
Driver info: org.openqa.selenium.chrome.ChromeDriver
Command: [ca1fd03a3fb75f89a4321e62a9da6c93, findElement {using=xpath, value=//a[text()=&apos;Sign Up &apos;]}]
Capabilities {acceptInsecureCerts: false, browserName: chrome, browserVersion: 104.0.5112.102, chrome: {chromedriverVersion: 104.0.5112.79 (3cf3e8c8a07d..., userDataDir: C:\Users\Shamshad\AppData\L...}, goog:chromeOptions: {debuggerAddress: localhost:49331}, javascriptEnabled: true, networkConnectionEnabled: false, pageLoadStrategy: normal, platform: WINDOWS, platformName: WINDOWS, proxy: Proxy(), se:cdp: ws://localhost:49331/devtoo..., se:cdpVersion: 104.0.5112.102, setWindowRect: true, strictFileInteractability: false, timeouts: {implicit: 0, pageLoad: 300000, script: 30000}, unhandledPromptBehavior: dismiss and notify, webauthn:extension:credBlob: true, webauthn:extension:largeBlob: true, webauthn:virtualAuthenticators: true}
Session ID: ca1fd03a3fb75f89a4321e62a9da6c93
	at org.openqa.selenium.remote.codec.w3c.W3CHttpResponseCodec.createException(W3CHttpResponseCodec.java:200)
	at org.openqa.selenium.remote.codec.w3c.W3CHttpResponseCodec.decode(W3CHttpResponseCodec.java:133)
	at org.openqa.selenium.remote.codec.w3c.W3CHttpResponseCodec.decode(W3CHttpResponseCodec.java:53)
	at org.openqa.selenium.remote.HttpCommandExecutor.execute(HttpCommandExecutor.java:184)
	at org.openqa.selenium.remote.service.DriverCommandExecutor.invokeExecute(DriverCommandExecutor.java:167)
	at org.openqa.selenium.remote.service.DriverCommandExecutor.execute(DriverCommandExecutor.java:142)
	at org.openqa.selenium.remote.RemoteWebDriver.execute(RemoteWebDriver.java:543)
	at org.openqa.selenium.remote.ElementLocation$ElementFinder$2.findElement(ElementLocation.java:162)
	at org.openqa.selenium.remote.ElementLocation.findElement(ElementLocation.java:60)
	at org.openqa.selenium.remote.RemoteWebDriver.findElement(RemoteWebDriver.java:367)
	at org.openqa.selenium.remote.RemoteWebDriver.findElement(RemoteWebDriver.java:359)
	at org.openqa.selenium.support.pagefactory.DefaultElementLocator.findElement(DefaultElementLocator.java:70)
	at org.openqa.selenium.support.pagefactory.internal.LocatingElementHandler.invoke(LocatingElementHandler.java:39)
	at jdk.proxy2/jdk.proxy2.$Proxy18.click(Unknown Source)
	at com.edu.OnlineAdmissionSystem.ObjectRepositoryUtility.SignUp.SignupPage(SignUp.java:57)
	at com.edu.OnlineAddmissionSystem.genericutility.BaseClass.configBM(BaseClass.java:83)
	at java.base/java.util.ArrayList.forEach(ArrayList.java:1511)
... Removed 46 stack frames</div></td></tr></table><p class="totop"><a href="#summary">back to summary</a></p>
<h3 id="m1">com.edu.AdmissionFormTest.POM_VerifyFatherOccupationTest#configBM</h3><table class="result"><tr><th>Exception</th></tr><tr><td><div class="stacktrace">java.lang.StringIndexOutOfBoundsException: begin 16, end 25, length 23
	at java.base/java.lang.String.checkBoundsBeginEnd(String.java:4601)
	at java.base/java.lang.String.substring(String.java:2704)
	at com.edu.OnlineAddmissionSystem.genericutility.BaseClass.configBM(BaseClass.java:87)
	at java.base/java.util.ArrayList.forEach(ArrayList.java:1511)
... Removed 41 stack frames</div></td></tr></table><p class="totop"><a href="#summary">back to summary</a></p>
<h3 id="m2">com.edu.AdmissionFormTest.VerifyFatherNameWith_POM_Test#configBM</h3><table class="result"><tr><th>Exception</th></tr><tr><td><div class="stacktrace">java.lang.StringIndexOutOfBoundsException: begin 16, end 25, length 23
	at java.base/java.lang.String.checkBoundsBeginEnd(String.java:4601)
	at java.base/java.lang.String.substring(String.java:2704)
	at com.edu.OnlineAddmissionSystem.genericutility.BaseClass.configBM(BaseClass.java:87)
	at java.base/java.util.ArrayList.forEach(ArrayList.java:1511)
... Removed 41 stack frames</div></td></tr></table><p class="totop"><a href="#summary">back to summary</a></p>
<h3 id="m3">com.edu.AdmissionFormTest.CreateAppTest_POMTest#configAC</h3><table class="result"><tr><th class="invisible"/></tr></table><p class="totop"><a href="#summary">back to summary</a></p>
<h3 id="m4">com.edu.AdmissionFormTest.CreateAppTest_POMTest#configAM</h3><table class="result"><tr><th class="invisible"/></tr></table><p class="totop"><a href="#summary">back to summary</a></p>
<h3 id="m5">com.edu.AdmissionFormTest.POM_VerifyFatherOccupationTest#configAC</h3><table class="result"><tr><th class="invisible"/></tr></table><p class="totop"><a href="#summary">back to summary</a></p>
<h3 id="m6">com.edu.AdmissionFormTest.POM_VerifyFatherOccupationTest#configAM</h3><table class="result"><tr><th class="invisible"/></tr></table><p class="totop"><a href="#summary">back to summary</a></p>
<h3 id="m7">com.edu.AdmissionFormTest.VerifyFatherNameWith_POM_Test#configAC</h3><table class="result"><tr><th class="invisible"/></tr></table><p class="totop"><a href="#summary">back to summary</a></p>
<h3 id="m8">com.edu.AdmissionFormTest.VerifyFatherNameWith_POM_Test#configAM</h3><table class="result"><tr><th class="invisible"/></tr></table><p class="totop"><a href="#summary">back to summary</a></p>
<h3 id="m9">com.edu.AdmissionFormTest.CreateAppTest_POMTest#TestApp</h3><table class="result"><tr><th>Exception</th></tr><tr><td><div class="stacktrace">org.openqa.selenium.NoSuchElementException: no such element: Unable to locate element: {&quot;method&quot;:&quot;xpath&quot;,&quot;selector&quot;:&quot;//a[text()=&apos;Sign Up &apos;]&quot;}
  (Session info: chrome=104.0.5112.102)
For documentation on this error, please visit: https://selenium.dev/exceptions/#no_such_element
Build info: version: &apos;4.1.1&apos;, revision: &apos;e8fcc2cecf&apos;
System info: host: &apos;DESKTOP-BIEA88R&apos;, ip: &apos;192.168.243.1&apos;, os.name: &apos;Windows 10&apos;, os.arch: &apos;amd64&apos;, os.version: &apos;10.0&apos;, java.version: &apos;17.0.1&apos;
Driver info: org.openqa.selenium.chrome.ChromeDriver
Command: [ca1fd03a3fb75f89a4321e62a9da6c93, findElement {using=xpath, value=//a[text()=&apos;Sign Up &apos;]}]
Capabilities {acceptInsecureCerts: false, browserName: chrome, browserVersion: 104.0.5112.102, chrome: {chromedriverVersion: 104.0.5112.79 (3cf3e8c8a07d..., userDataDir: C:\Users\Shamshad\AppData\L...}, goog:chromeOptions: {debuggerAddress: localhost:49331}, javascriptEnabled: true, networkConnectionEnabled: false, pageLoadStrategy: normal, platform: WINDOWS, platformName: WINDOWS, proxy: Proxy(), se:cdp: ws://localhost:49331/devtoo..., se:cdpVersion: 104.0.5112.102, setWindowRect: true, strictFileInteractability: false, timeouts: {implicit: 0, pageLoad: 300000, script: 30000}, unhandledPromptBehavior: dismiss and notify, webauthn:extension:credBlob: true, webauthn:extension:largeBlob: true, webauthn:virtualAuthenticators: true}
Session ID: ca1fd03a3fb75f89a4321e62a9da6c93
	at org.openqa.selenium.remote.codec.w3c.W3CHttpResponseCodec.createException(W3CHttpResponseCodec.java:200)
	at org.openqa.selenium.remote.codec.w3c.W3CHttpResponseCodec.decode(W3CHttpResponseCodec.java:133)
	at org.openqa.selenium.remote.codec.w3c.W3CHttpResponseCodec.decode(W3CHttpResponseCodec.java:53)
	at org.openqa.selenium.remote.HttpCommandExecutor.execute(HttpCommandExecutor.java:184)
	at org.openqa.selenium.remote.service.DriverCommandExecutor.invokeExecute(DriverCommandExecutor.java:167)
	at org.openqa.selenium.remote.service.DriverCommandExecutor.execute(DriverCommandExecutor.java:142)
	at org.openqa.selenium.remote.RemoteWebDriver.execute(RemoteWebDriver.java:543)
	at org.openqa.selenium.remote.ElementLocation$ElementFinder$2.findElement(ElementLocation.java:162)
	at org.openqa.selenium.remote.ElementLocation.findElement(ElementLocation.java:60)
	at org.openqa.selenium.remote.RemoteWebDriver.findElement(RemoteWebDriver.java:367)
	at org.openqa.selenium.remote.RemoteWebDriver.findElement(RemoteWebDriver.java:359)
	at org.openqa.selenium.support.pagefactory.DefaultElementLocator.findElement(DefaultElementLocator.java:70)
	at org.openqa.selenium.support.pagefactory.internal.LocatingElementHandler.invoke(LocatingElementHandler.java:39)
	at jdk.proxy2/jdk.proxy2.$Proxy18.click(Unknown Source)
	at com.edu.OnlineAdmissionSystem.ObjectRepositoryUtility.SignUp.SignupPage(SignUp.java:57)
	at com.edu.OnlineAddmissionSystem.genericutility.BaseClass.configBM(BaseClass.java:83)
	at java.base/java.util.ArrayList.forEach(ArrayList.java:1511)
... Removed 46 stack frames</div></td></tr></table><p class="totop"><a href="#summary">back to summary</a></p>
<h3 id="m10">com.edu.AdmissionFormTest.POM_VerifyFatherOccupationTest#verifyFatherOcup</h3><table class="result"><tr><th>Exception</th></tr><tr><td><div class="stacktrace">java.lang.StringIndexOutOfBoundsException: begin 16, end 25, length 23
	at java.base/java.lang.String.checkBoundsBeginEnd(String.java:4601)
	at java.base/java.lang.String.substring(String.java:2704)
	at com.edu.OnlineAddmissionSystem.genericutility.BaseClass.configBM(BaseClass.java:87)
	at java.base/java.util.ArrayList.forEach(ArrayList.java:1511)
... Removed 41 stack frames</div></td></tr></table><p class="totop"><a href="#summary">back to summary</a></p>
<h3 id="m11">com.edu.AdmissionFormTest.VerifyFatherNameWith_POM_Test#testFatherName</h3><table class="result"><tr><th>Exception</th></tr><tr><td><div class="stacktrace">java.lang.StringIndexOutOfBoundsException: begin 16, end 25, length 23
	at java.base/java.lang.String.checkBoundsBeginEnd(String.java:4601)
	at java.base/java.lang.String.substring(String.java:2704)
	at com.edu.OnlineAddmissionSystem.genericutility.BaseClass.configBM(BaseClass.java:87)
	at java.base/java.util.ArrayList.forEach(ArrayList.java:1511)
... Removed 41 stack frames</div></td></tr></table><p class="totop"><a href="#summary">back to summary</a></p>
<h3 id="m12">com.edu.AdmissionFormTest.POM_VerifyIncomeParentsTest#testIncome</h3><table class="result"><tr><th class="invisible"/></tr></table><p class="totop"><a href="#summary">back to summary</a></p>
<h3 id="m13">com.edu.AdmissionFormTest.POM_VerifyPinTest#pOM_VerifyPin</h3><table class="result"><tr><th class="invisible"/></tr></table><p class="totop"><a href="#summary">back to summary</a></p>
</body>
</html>
